<?xml version="1.0" encoding="UTF-8"?>
<testng-results skipped="0" failed="0" ignored="0" total="1" passed="1">
  <reporter-output>
  </reporter-output>
  <suite name="Default suite" duration-ms="8408" started-at="2020-02-20T04:33:38Z" finished-at="2020-02-20T04:33:47Z">
    <groups>
    </groups>
    <test name="Default test" duration-ms="8408" started-at="2020-02-20T04:33:38Z" finished-at="2020-02-20T04:33:47Z">
      <class name="Seleniumdemo.KeyboardMovemnt">
        <test-method status="PASS" signature="key()[pri:0, instance:Seleniumdemo.KeyboardMovemnt@73d4cc9e]" name="key" duration-ms="8353" started-at="2020-02-20T04:33:38Z" finished-at="2020-02-20T04:33:47Z">
          <reporter-output>
          </reporter-output>
        </test-method> <!-- key -->
      </class> <!-- Seleniumdemo.KeyboardMovemnt -->
    </test> <!-- Default test -->
  </suite> <!-- Default suite -->
</testng-results>
